Using pre-set license
Built from '2020.2/staging' branch; Version is '2020.2.7f1 (c53830e277f1) revision 12924976'; Using compiler version '192528614'; Build Type 'Release'
OS: 'Windows 10 Home Single Language; OS build 19045.3693; Version 2009; 64bit' Language: 'en' Physical Memory: 7579 MB
BatchMode: 1, IsHumanControllingUs: 0, StartBugReporterOnCrash: 0, Is64bit: 1, IsPro: 0

 COMMAND LINE ARGUMENTS:
D:\ungdunglaptrinh\2020.2.7f1\Editor\Unity.exe
-adb2
-batchMode
-noUpm
-name
AssetImportWorker0
-projectPath
D:/Game/Plant Vs Zombies Tutorial YouTube Ep8/Plant Vs Zombies Game
-logFile
Logs/AssetImportWorker0.log
-srvPort
54523
Successfully changed project path to: D:/Game/Plant Vs Zombies Tutorial YouTube Ep8/Plant Vs Zombies Game
D:/Game/Plant Vs Zombies Tutorial YouTube Ep8/Plant Vs Zombies Game
Using Asset Import Pipeline V2.
Refreshing native plugins compatible for Editor in 117.88 ms, found 1 plugins.
Preloading 0 native plugins for Editor in 0.00 ms.
Initialize engine version: 2020.2.7f1 (c53830e277f1)
[Subsystems] Discovering subsystems at path D:/ungdunglaptrinh/2020.2.7f1/Editor/Data/Resources/UnitySubsystems
[Subsystems] Discovering subsystems at path D:/Game/Plant Vs Zombies Tutorial YouTube Ep8/Plant Vs Zombies Game/Assets
GfxDevice: creating device client; threaded=0
Direct3D:
    Version:  Direct3D 11.0 [level 11.1]
    Renderer: Radeon RX 5300M (ID=0x7340)
    Vendor:   
    VRAM:     3030 MB
    Driver:   27.20.1023.1001
Initialize mono
Mono path[0] = 'D:/ungdunglaptrinh/2020.2.7f1/Editor/Data/Managed'
Mono path[1] = 'D:/ungdunglaptrinh/2020.2.7f1/Editor/Data/MonoBleedingEdge/lib/mono/unityjit'
Mono config path = 'D:/ungdunglaptrinh/2020.2.7f1/Editor/Data/MonoBleedingEdge/etc'
Using monoOptions --debugger-agent=transport=dt_socket,embedding=1,server=y,suspend=n,address=127.0.0.1:56640
Begin MonoManager ReloadAssembly
Registering precompiled unity dll's ...
Register platform support module: D:/ungdunglaptrinh/2020.2.7f1/Editor/Data/PlaybackEngines/WindowsStandaloneSupport/UnityEditor.WindowsStandalone.Extensions.dll
Registered in 0.242041 seconds.
Native extension for WindowsStandalone target not found
Refreshing native plugins compatible for Editor in 53.46 ms, found 1 plugins.
Preloading 0 native plugins for Editor in 0.00 ms.
Invoked RoslynAnalysisRunner static constructor.
RoslynAnalysisRunner will not be running.
RoslynAnalysisRunner has terminated.
Mono: successfully reloaded assembly
- Completed reload, in  6.388 seconds
Platform modules already initialized, skipping
Registering precompiled user dll's ...
Registered in 0.129107 seconds.
Begin MonoManager ReloadAssembly
Native extension for WindowsStandalone target not found
Refreshing native plugins compatible for Editor in 38.32 ms, found 1 plugins.
Preloading 0 native plugins for Editor in 0.00 ms.
Invoked RoslynAnalysisRunner static constructor.
RoslynAnalysisRunner will not be running.
RoslynAnalysisRunner has terminated.
Mono: successfully reloaded assembly
- Completed reload, in  4.679 seconds
Platform modules already initialized, skipping
========================================================================
Worker process is ready to serve import requests
Launched and connected shader compiler UnityShaderCompiler.exe after 0.14 seconds
Refreshing native plugins compatible for Editor in 0.68 ms, found 1 plugins.
Preloading 0 native plugins for Editor in 0.00 ms.
Unloading 1839 Unused Serialized files (Serialized files now loaded: 0)
System memory in use before: 87.3 MB.
System memory in use after: 87.4 MB.

Unloading 21 unused Assets to reduce memory usage. Loaded Objects now: 2287.
Total: 5.813700 ms (FindLiveObjects: 0.409400 ms CreateObjectMapping: 0.049400 ms MarkObjects: 4.885400 ms  DeleteObjects: 0.467100 ms)

========================================================================
Received Import Request.
  path: Assets/Scripts/CardManager.cs
  artifactKey: Guid(898cc1e824efd9b42b2a59b0caf9b4d9) Importer(815301076,1909f56bfc062723c751e8b465ee728b)
Start importing Assets/Scripts/CardManager.cs using Guid(898cc1e824efd9b42b2a59b0caf9b4d9) Importer(815301076,1909f56bfc062723c751e8b465ee728b)  -> (artifact id: 'eec055b2f3ac807530220c892f67f45a') in 0.051435 seconds
  Import took 0.056902 seconds .

========================================================================
Received Prepare
Registering precompiled user dll's ...
Registered in 0.000828 seconds.
Begin MonoManager ReloadAssembly
Native extension for WindowsStandalone target not found
Refreshing native plugins compatible for Editor in 0.44 ms, found 1 plugins.
Preloading 0 native plugins for Editor in 0.00 ms.
Invoked RoslynAnalysisRunner static constructor.
RoslynAnalysisRunner will not be running.
RoslynAnalysisRunner has terminated.
Mono: successfully reloaded assembly
- Completed reload, in  0.898 seconds
Platform modules already initialized, skipping
Refreshing native plugins compatible for Editor in 0.37 ms, found 1 plugins.
Preloading 0 native plugins for Editor in 0.00 ms.
Unloading 1818 Unused Serialized files (Serialized files now loaded: 0)
System memory in use before: 86.0 MB.
System memory in use after: 86.1 MB.

Unloading 9 unused Assets to reduce memory usage. Loaded Objects now: 2291.
Total: 9.652400 ms (FindLiveObjects: 0.721000 ms CreateObjectMapping: 0.070800 ms MarkObjects: 7.868600 ms  DeleteObjects: 0.989600 ms)

========================================================================
Received Import Request.
  Time since last request: 184.173438 seconds.
  path: Assets/Scripts/CardManager.cs
  artifactKey: Guid(898cc1e824efd9b42b2a59b0caf9b4d9) Importer(815301076,1909f56bfc062723c751e8b465ee728b)
Start importing Assets/Scripts/CardManager.cs using Guid(898cc1e824efd9b42b2a59b0caf9b4d9) Importer(815301076,1909f56bfc062723c751e8b465ee728b)  -> (artifact id: 'c82e53a8f62c21ef98a630e92984777c') in 0.015235 seconds
  Import took 0.021748 seconds .

========================================================================
Received Import Request.
  Time since last request: 394.945637 seconds.
  path: Assets/Prefabs/Zombie/Zombie.prefab
  artifactKey: Guid(66f872246af4e2142a870354cf9a334c) Importer(815301076,1909f56bfc062723c751e8b465ee728b)
Start importing Assets/Prefabs/Zombie/Zombie.prefab using Guid(66f872246af4e2142a870354cf9a334c) Importer(815301076,1909f56bfc062723c751e8b465ee728b)  -> (artifact id: 'cf48970fc0b531f73f6b7dc6e199e990') in 0.285803 seconds
  Import took 0.291301 seconds .

========================================================================
Received Import Request.
  Time since last request: 59.185289 seconds.
  path: Assets/Prefabs/Zombie/Zombie.prefab
  artifactKey: Guid(66f872246af4e2142a870354cf9a334c) Importer(815301076,1909f56bfc062723c751e8b465ee728b)
Start importing Assets/Prefabs/Zombie/Zombie.prefab using Guid(66f872246af4e2142a870354cf9a334c) Importer(815301076,1909f56bfc062723c751e8b465ee728b)  -> (artifact id: 'af7d859eea6926a465deb05c07e46809') in 0.039634 seconds
  Import took 0.044757 seconds .

========================================================================
Received Import Request.
  Time since last request: 3.950518 seconds.
  path: Assets/Prefabs/Zombie/Zombie.prefab
  artifactKey: Guid(66f872246af4e2142a870354cf9a334c) Importer(815301076,1909f56bfc062723c751e8b465ee728b)
Start importing Assets/Prefabs/Zombie/Zombie.prefab using Guid(66f872246af4e2142a870354cf9a334c) Importer(815301076,1909f56bfc062723c751e8b465ee728b)  -> (artifact id: '67ed460230e876c4f2ec813c6ee3c748') in 0.020682 seconds
  Import took 0.024843 seconds .

========================================================================
Received Import Request.
  Time since last request: 287.932988 seconds.
  path: Assets/Scripts/PlantManager.cs
  artifactKey: Guid(f88f60cb6a353e14f8c890171aa95b93) Importer(815301076,1909f56bfc062723c751e8b465ee728b)
Start importing Assets/Scripts/PlantManager.cs using Guid(f88f60cb6a353e14f8c890171aa95b93) Importer(815301076,1909f56bfc062723c751e8b465ee728b)  -> (artifact id: '0a192efab9d7582ce141cc24e2ace50c') in 0.023919 seconds
  Import took 0.030807 seconds .

========================================================================
Received Prepare
Registering precompiled user dll's ...
Registered in 0.001634 seconds.
Begin MonoManager ReloadAssembly
Native extension for WindowsStandalone target not found
Refreshing native plugins compatible for Editor in 0.41 ms, found 1 plugins.
Preloading 0 native plugins for Editor in 0.00 ms.
Invoked RoslynAnalysisRunner static constructor.
RoslynAnalysisRunner will not be running.
RoslynAnalysisRunner has terminated.
Mono: successfully reloaded assembly
- Completed reload, in  0.801 seconds
Platform modules already initialized, skipping
Refreshing native plugins compatible for Editor in 0.50 ms, found 1 plugins.
Preloading 0 native plugins for Editor in 0.00 ms.
Unloading 1818 Unused Serialized files (Serialized files now loaded: 0)
System memory in use before: 89.2 MB.
System memory in use after: 89.3 MB.

Unloading 9 unused Assets to reduce memory usage. Loaded Objects now: 2302.
Total: 2.399500 ms (FindLiveObjects: 0.242700 ms CreateObjectMapping: 0.065100 ms MarkObjects: 2.017200 ms  DeleteObjects: 0.073100 ms)

========================================================================
Received Import Request.
  Time since last request: 95.294742 seconds.
  path: Assets/Scripts/PlantManager.cs
  artifactKey: Guid(f88f60cb6a353e14f8c890171aa95b93) Importer(815301076,1909f56bfc062723c751e8b465ee728b)
Start importing Assets/Scripts/PlantManager.cs using Guid(f88f60cb6a353e14f8c890171aa95b93) Importer(815301076,1909f56bfc062723c751e8b465ee728b)  -> (artifact id: '6c46ba4b87cfaf7eb02b65d005ed798b') in 0.005426 seconds
  Import took 0.009576 seconds .

========================================================================
Received Prepare
Refreshing native plugins compatible for Editor in 1.30 ms, found 1 plugins.
Preloading 0 native plugins for Editor in 0.00 ms.
Unloading 7 Unused Serialized files (Serialized files now loaded: 0)
System memory in use before: 53.4 MB.
System memory in use after: 53.5 MB.

Unloading 7 unused Assets to reduce memory usage. Loaded Objects now: 2302.
Total: 2.074200 ms (FindLiveObjects: 0.309100 ms CreateObjectMapping: 0.042800 ms MarkObjects: 1.637400 ms  DeleteObjects: 0.083400 ms)

========================================================================
Received Prepare
Registering precompiled user dll's ...
Registered in 0.000770 seconds.
Begin MonoManager ReloadAssembly
Native extension for WindowsStandalone target not found
Refreshing native plugins compatible for Editor in 0.37 ms, found 1 plugins.
Preloading 0 native plugins for Editor in 0.00 ms.
Invoked RoslynAnalysisRunner static constructor.
RoslynAnalysisRunner will not be running.
RoslynAnalysisRunner has terminated.
Mono: successfully reloaded assembly
- Completed reload, in  0.732 seconds
Platform modules already initialized, skipping
Refreshing native plugins compatible for Editor in 0.37 ms, found 1 plugins.
Preloading 0 native plugins for Editor in 0.00 ms.
Unloading 1818 Unused Serialized files (Serialized files now loaded: 0)
System memory in use before: 89.2 MB.
System memory in use after: 89.3 MB.

Unloading 9 unused Assets to reduce memory usage. Loaded Objects now: 2306.
Total: 2.864400 ms (FindLiveObjects: 0.300900 ms CreateObjectMapping: 0.113800 ms MarkObjects: 2.373800 ms  DeleteObjects: 0.073800 ms)

========================================================================
Received Prepare
Refreshing native plugins compatible for Editor in 2.56 ms, found 1 plugins.
Preloading 0 native plugins for Editor in 0.00 ms.
Unloading 7 Unused Serialized files (Serialized files now loaded: 0)
System memory in use before: 53.5 MB.
System memory in use after: 53.5 MB.

Unloading 7 unused Assets to reduce memory usage. Loaded Objects now: 2306.
Total: 2.081800 ms (FindLiveObjects: 0.350900 ms CreateObjectMapping: 0.044900 ms MarkObjects: 1.610500 ms  DeleteObjects: 0.073900 ms)

========================================================================
Received Prepare
Registering precompiled user dll's ...
Registered in 0.000825 seconds.
Begin MonoManager ReloadAssembly
Native extension for WindowsStandalone target not found
Refreshing native plugins compatible for Editor in 0.40 ms, found 1 plugins.
Preloading 0 native plugins for Editor in 0.00 ms.
Invoked RoslynAnalysisRunner static constructor.
RoslynAnalysisRunner will not be running.
RoslynAnalysisRunner has terminated.
Mono: successfully reloaded assembly
- Completed reload, in  0.756 seconds
Platform modules already initialized, skipping
Refreshing native plugins compatible for Editor in 0.62 ms, found 1 plugins.
Preloading 0 native plugins for Editor in 0.00 ms.
Unloading 1818 Unused Serialized files (Serialized files now loaded: 0)
System memory in use before: 89.3 MB.
System memory in use after: 89.3 MB.

Unloading 9 unused Assets to reduce memory usage. Loaded Objects now: 2310.
Total: 2.629000 ms (FindLiveObjects: 0.328900 ms CreateObjectMapping: 0.087600 ms MarkObjects: 2.132800 ms  DeleteObjects: 0.077300 ms)

========================================================================
Received Prepare
Refreshing native plugins compatible for Editor in 1.50 ms, found 1 plugins.
Preloading 0 native plugins for Editor in 0.00 ms.
Unloading 7 Unused Serialized files (Serialized files now loaded: 0)
System memory in use before: 53.5 MB.
System memory in use after: 53.5 MB.

Unloading 7 unused Assets to reduce memory usage. Loaded Objects now: 2310.
Total: 2.577200 ms (FindLiveObjects: 0.481100 ms CreateObjectMapping: 0.068100 ms MarkObjects: 1.948100 ms  DeleteObjects: 0.077800 ms)

========================================================================
Received Prepare
Registering precompiled user dll's ...
Registered in 0.000907 seconds.
Begin MonoManager ReloadAssembly
Native extension for WindowsStandalone target not found
Refreshing native plugins compatible for Editor in 0.49 ms, found 1 plugins.
Preloading 0 native plugins for Editor in 0.00 ms.
Invoked RoslynAnalysisRunner static constructor.
RoslynAnalysisRunner will not be running.
RoslynAnalysisRunner has terminated.
Mono: successfully reloaded assembly
- Completed reload, in  0.837 seconds
Platform modules already initialized, skipping
Refreshing native plugins compatible for Editor in 0.44 ms, found 1 plugins.
Preloading 0 native plugins for Editor in 0.00 ms.
Unloading 1818 Unused Serialized files (Serialized files now loaded: 0)
System memory in use before: 89.3 MB.
System memory in use after: 89.3 MB.

Unloading 9 unused Assets to reduce memory usage. Loaded Objects now: 2314.
Total: 4.031100 ms (FindLiveObjects: 0.368700 ms CreateObjectMapping: 0.055900 ms MarkObjects: 3.414200 ms  DeleteObjects: 0.189500 ms)

========================================================================
Received Import Request.
  Time since last request: 312.354512 seconds.
  path: Assets/Animations/Zombies
  artifactKey: Guid(baee6c193ac98bc41a7ee03f200067ec) Importer(815301076,1909f56bfc062723c751e8b465ee728b)
Start importing Assets/Animations/Zombies using Guid(baee6c193ac98bc41a7ee03f200067ec) Importer(815301076,1909f56bfc062723c751e8b465ee728b)  -> (artifact id: '81cfd5dc59efd8e6e7414244db4f19c4') in 0.013262 seconds
  Import took 0.019187 seconds .

========================================================================
Received Import Request.
  Time since last request: 64.429649 seconds.
  path: Assets/Prefabs/Zombie/Zombie.prefab
  artifactKey: Guid(66f872246af4e2142a870354cf9a334c) Importer(815301076,1909f56bfc062723c751e8b465ee728b)
Start importing Assets/Prefabs/Zombie/Zombie.prefab using Guid(66f872246af4e2142a870354cf9a334c) Importer(815301076,1909f56bfc062723c751e8b465ee728b)  -> (artifact id: 'd6703c6c23e38cde13d6ca7a47485dbe') in 0.091561 seconds
  Import took 0.095807 seconds .

========================================================================
Received Import Request.
  Time since last request: 39.377818 seconds.
  path: Assets/Prefabs/Zombie/Zombie.prefab
  artifactKey: Guid(66f872246af4e2142a870354cf9a334c) Importer(815301076,1909f56bfc062723c751e8b465ee728b)
Start importing Assets/Prefabs/Zombie/Zombie.prefab using Guid(66f872246af4e2142a870354cf9a334c) Importer(815301076,1909f56bfc062723c751e8b465ee728b)  -> (artifact id: '83095bd00a06cd64946d0d7aae41bf89') in 0.019934 seconds
  Import took 0.024319 seconds .

========================================================================
Received Import Request.
  Time since last request: 16.994716 seconds.
  path: Assets/Prefabs/Zombie/Zombie.prefab
  artifactKey: Guid(66f872246af4e2142a870354cf9a334c) Importer(815301076,1909f56bfc062723c751e8b465ee728b)
Start importing Assets/Prefabs/Zombie/Zombie.prefab using Guid(66f872246af4e2142a870354cf9a334c) Importer(815301076,1909f56bfc062723c751e8b465ee728b)  -> (artifact id: 'd9c8fe65d3c1065b5556dde8ed7ad231') in 0.021907 seconds
  Import took 0.027100 seconds .

========================================================================
Received Prepare
Refreshing native plugins compatible for Editor in 3.20 ms, found 1 plugins.
Preloading 0 native plugins for Editor in 0.00 ms.
Unloading 7 Unused Serialized files (Serialized files now loaded: 0)
System memory in use before: 54.8 MB.
System memory in use after: 54.9 MB.

Unloading 7 unused Assets to reduce memory usage. Loaded Objects now: 2315.
Total: 3.216900 ms (FindLiveObjects: 0.445000 ms CreateObjectMapping: 0.116700 ms MarkObjects: 2.571600 ms  DeleteObjects: 0.081800 ms)

========================================================================
Received Prepare
Registering precompiled user dll's ...
Registered in 0.001273 seconds.
Begin MonoManager ReloadAssembly
Native extension for WindowsStandalone target not found
Refreshing native plugins compatible for Editor in 1.21 ms, found 1 plugins.
Preloading 0 native plugins for Editor in 0.00 ms.
Invoked RoslynAnalysisRunner static constructor.
RoslynAnalysisRunner will not be running.
RoslynAnalysisRunner has terminated.
Mono: successfully reloaded assembly
- Completed reload, in  1.091 seconds
Platform modules already initialized, skipping
Refreshing native plugins compatible for Editor in 1.18 ms, found 1 plugins.
Preloading 0 native plugins for Editor in 0.00 ms.
Unloading 1818 Unused Serialized files (Serialized files now loaded: 0)
System memory in use before: 89.3 MB.
System memory in use after: 89.4 MB.

Unloading 9 unused Assets to reduce memory usage. Loaded Objects now: 2319.
Total: 5.160300 ms (FindLiveObjects: 0.737800 ms CreateObjectMapping: 0.120100 ms MarkObjects: 4.123700 ms  DeleteObjects: 0.176200 ms)

========================================================================
Received Import Request.
  Time since last request: 151.133873 seconds.
  path: Assets/Prefabs/Zombie/Zombie.prefab
  artifactKey: Guid(66f872246af4e2142a870354cf9a334c) Importer(815301076,1909f56bfc062723c751e8b465ee728b)
Start importing Assets/Prefabs/Zombie/Zombie.prefab using Guid(66f872246af4e2142a870354cf9a334c) Importer(815301076,1909f56bfc062723c751e8b465ee728b)  -> (artifact id: '05fe3b62cad60436049d6fd0f9152bd3') in 0.061325 seconds
  Import took 0.066418 seconds .

========================================================================
Received Import Request.
  Time since last request: 3.349504 seconds.
  path: Assets/Prefabs/Zombie/Zombie.prefab
  artifactKey: Guid(66f872246af4e2142a870354cf9a334c) Importer(815301076,1909f56bfc062723c751e8b465ee728b)
Start importing Assets/Prefabs/Zombie/Zombie.prefab using Guid(66f872246af4e2142a870354cf9a334c) Importer(815301076,1909f56bfc062723c751e8b465ee728b)  -> (artifact id: '7a19e2cc3b912d9bc7b88fc1f42325da') in 0.016722 seconds
  Import took 0.020988 seconds .

========================================================================
Received Import Request.
  Time since last request: 2.198365 seconds.
  path: Assets/Prefabs/Zombie/Zombie.prefab
  artifactKey: Guid(66f872246af4e2142a870354cf9a334c) Importer(815301076,1909f56bfc062723c751e8b465ee728b)
Start importing Assets/Prefabs/Zombie/Zombie.prefab using Guid(66f872246af4e2142a870354cf9a334c) Importer(815301076,1909f56bfc062723c751e8b465ee728b)  -> (artifact id: '7de2d91ce610e28529bf77c63681a77d') in 0.015735 seconds
  Import took 0.019866 seconds .

========================================================================
Received Prepare
Refreshing native plugins compatible for Editor in 2.38 ms, found 1 plugins.
Preloading 0 native plugins for Editor in 0.00 ms.
Unloading 7 Unused Serialized files (Serialized files now loaded: 0)
System memory in use before: 54.4 MB.
System memory in use after: 54.5 MB.

Unloading 7 unused Assets to reduce memory usage. Loaded Objects now: 2320.
Total: 2.925900 ms (FindLiveObjects: 0.279400 ms CreateObjectMapping: 0.042800 ms MarkObjects: 2.526100 ms  DeleteObjects: 0.076100 ms)

========================================================================
Received Prepare
Registering precompiled user dll's ...
Registered in 0.242057 seconds.
Begin MonoManager ReloadAssembly
Native extension for WindowsStandalone target not found
Refreshing native plugins compatible for Editor in 0.43 ms, found 1 plugins.
Preloading 0 native plugins for Editor in 0.00 ms.
Invoked RoslynAnalysisRunner static constructor.
RoslynAnalysisRunner will not be running.
RoslynAnalysisRunner has terminated.
Mono: successfully reloaded assembly
- Completed reload, in 12.559 seconds
Platform modules already initialized, skipping
Refreshing native plugins compatible for Editor in 1.08 ms, found 1 plugins.
Preloading 0 native plugins for Editor in 0.00 ms.
Unloading 1818 Unused Serialized files (Serialized files now loaded: 0)
System memory in use before: 89.3 MB.
System memory in use after: 89.4 MB.

Unloading 9 unused Assets to reduce memory usage. Loaded Objects now: 2324.
Total: 5.648300 ms (FindLiveObjects: 0.357900 ms CreateObjectMapping: 0.113200 ms MarkObjects: 4.996500 ms  DeleteObjects: 0.176800 ms)

========================================================================
Received Prepare
Refreshing native plugins compatible for Editor in 40.41 ms, found 1 plugins.
Preloading 0 native plugins for Editor in 0.00 ms.
Unloading 7 Unused Serialized files (Serialized files now loaded: 0)
System memory in use before: 53.5 MB.
System memory in use after: 53.6 MB.

Unloading 7 unused Assets to reduce memory usage. Loaded Objects now: 2324.
Total: 4.290400 ms (FindLiveObjects: 0.326600 ms CreateObjectMapping: 0.126300 ms MarkObjects: 3.700500 ms  DeleteObjects: 0.134200 ms)

========================================================================
Received Prepare
Registering precompiled user dll's ...
Registered in 0.001671 seconds.
Begin MonoManager ReloadAssembly
Native extension for WindowsStandalone target not found
Refreshing native plugins compatible for Editor in 0.93 ms, found 1 plugins.
Preloading 0 native plugins for Editor in 0.00 ms.
Invoked RoslynAnalysisRunner static constructor.
RoslynAnalysisRunner will not be running.
RoslynAnalysisRunner has terminated.
Mono: successfully reloaded assembly
- Completed reload, in  2.048 seconds
Platform modules already initialized, skipping
Refreshing native plugins compatible for Editor in 0.50 ms, found 1 plugins.
Preloading 0 native plugins for Editor in 0.00 ms.
Unloading 1818 Unused Serialized files (Serialized files now loaded: 0)
System memory in use before: 89.3 MB.
System memory in use after: 89.4 MB.

Unloading 9 unused Assets to reduce memory usage. Loaded Objects now: 2328.
Total: 4.575100 ms (FindLiveObjects: 0.445300 ms CreateObjectMapping: 0.116200 ms MarkObjects: 3.909100 ms  DeleteObjects: 0.102200 ms)

AssetImportWorkerClient::OnTransportError - code=2 error=End of file
